This is pdfTeX, Version 3.141592653-2.6-1.40.25 (TeX Live 2023/Arch Linux) (preloaded format=pdflatex 2024.2.19)  10 MAR 2024 16:10
entering extended mode
 restricted \write18 enabled.
 %&-line parsing enabled.
**report.tex
(./report.tex
LaTeX2e <2022-11-01> patch level 1
L3 programming layer <2023-02-22>
(/usr/share/texmf-dist/tex/latex/base/article.cls
Document Class: article 2022/07/02 v1.4n Standard LaTeX document class
(/usr/share/texmf-dist/tex/latex/base/size12.clo
File: size12.clo 2022/07/02 v1.4n Standard LaTeX file (size option)
)
\c@part=\count185
\c@section=\count186
\c@subsection=\count187
\c@subsubsection=\count188
\c@paragraph=\count189
\c@subparagraph=\count190
\c@figure=\count191
\c@table=\count192
\abovecaptionskip=\skip48
\belowcaptionskip=\skip49
\bibindent=\dimen140
)
(/usr/share/texmf-dist/tex/latex/geometry/geometry.sty
Package: geometry 2020/01/02 v5.9 Page Geometry

(/usr/share/texmf-dist/tex/latex/graphics/keyval.sty
Package: keyval 2022/05/29 v1.15 key=value parser (DPC)
\KV@toks@=\toks16
)
(/usr/share/texmf-dist/tex/generic/iftex/ifvtex.sty
Package: ifvtex 2019/10/25 v1.7 ifvtex legacy package. Use iftex instead.

(/usr/share/texmf-dist/tex/generic/iftex/iftex.sty
Package: iftex 2022/02/03 v1.0f TeX engine tests
))
\Gm@cnth=\count193
\Gm@cntv=\count194
\c@Gm@tempcnt=\count195
\Gm@bindingoffset=\dimen141
\Gm@wd@mp=\dimen142
\Gm@odd@mp=\dimen143
\Gm@even@mp=\dimen144
\Gm@layoutwidth=\dimen145
\Gm@layoutheight=\dimen146
\Gm@layouthoffset=\dimen147
\Gm@layoutvoffset=\dimen148
\Gm@dimlist=\toks17
)
(/usr/share/texmf-dist/tex/latex/base/fontenc.sty
Package: fontenc 2021/04/29 v2.0v Standard LaTeX package

(/usr/share/texmf-dist/tex/latex/cyrillic/t2aenc.def
File: t2aenc.def 2022/06/11 v1.0j Cyrillic encoding definition file
Now handling font encoding T2A ...
... processing UTF-8 mapping file for font encoding T2A

(/usr/share/texmf-dist/tex/latex/base/t2aenc.dfu
File: t2aenc.dfu 2022/06/07 v1.3c UTF-8 support
   defining Unicode char U+00A4 (decimal 164)
   defining Unicode char U+00A7 (decimal 167)
   defining Unicode char U+00AB (decimal 171)
   defining Unicode char U+00BB (decimal 187)
   defining Unicode char U+0131 (decimal 305)
   defining Unicode char U+0237 (decimal 567)
   defining Unicode char U+0400 (decimal 1024)
   defining Unicode char U+0401 (decimal 1025)
   defining Unicode char U+0402 (decimal 1026)
   defining Unicode char U+0403 (decimal 1027)
   defining Unicode char U+0404 (decimal 1028)
   defining Unicode char U+0405 (decimal 1029)
   defining Unicode char U+0406 (decimal 1030)
   defining Unicode char U+0407 (decimal 1031)
   defining Unicode char U+0408 (decimal 1032)
   defining Unicode char U+0409 (decimal 1033)
   defining Unicode char U+040A (decimal 1034)
   defining Unicode char U+040B (decimal 1035)
   defining Unicode char U+040C (decimal 1036)
   defining Unicode char U+040D (decimal 1037)
   defining Unicode char U+040E (decimal 1038)
   defining Unicode char U+040F (decimal 1039)
   defining Unicode char U+0410 (decimal 1040)
   defining Unicode char U+0411 (decimal 1041)
   defining Unicode char U+0412 (decimal 1042)
   defining Unicode char U+0413 (decimal 1043)
   defining Unicode char U+0414 (decimal 1044)
   defining Unicode char U+0415 (decimal 1045)
   defining Unicode char U+0416 (decimal 1046)
   defining Unicode char U+0417 (decimal 1047)
   defining Unicode char U+0418 (decimal 1048)
   defining Unicode char U+0419 (decimal 1049)
   defining Unicode char U+041A (decimal 1050)
   defining Unicode char U+041B (decimal 1051)
   defining Unicode char U+041C (decimal 1052)
   defining Unicode char U+041D (decimal 1053)
   defining Unicode char U+041E (decimal 1054)
   defining Unicode char U+041F (decimal 1055)
   defining Unicode char U+0420 (decimal 1056)
   defining Unicode char U+0421 (decimal 1057)
   defining Unicode char U+0422 (decimal 1058)
   defining Unicode char U+0423 (decimal 1059)
   defining Unicode char U+0424 (decimal 1060)
   defining Unicode char U+0425 (decimal 1061)
   defining Unicode char U+0426 (decimal 1062)
   defining Unicode char U+0427 (decimal 1063)
   defining Unicode char U+0428 (decimal 1064)
   defining Unicode char U+0429 (decimal 1065)
   defining Unicode char U+042A (decimal 1066)
   defining Unicode char U+042B (decimal 1067)
   defining Unicode char U+042C (decimal 1068)
   defining Unicode char U+042D (decimal 1069)
   defining Unicode char U+042E (decimal 1070)
   defining Unicode char U+042F (decimal 1071)
   defining Unicode char U+0430 (decimal 1072)
   defining Unicode char U+0431 (decimal 1073)
   defining Unicode char U+0432 (decimal 1074)
   defining Unicode char U+0433 (decimal 1075)
   defining Unicode char U+0434 (decimal 1076)
   defining Unicode char U+0435 (decimal 1077)
   defining Unicode char U+0436 (decimal 1078)
   defining Unicode char U+0437 (decimal 1079)
   defining Unicode char U+0438 (decimal 1080)
   defining Unicode char U+0439 (decimal 1081)
   defining Unicode char U+043A (decimal 1082)
   defining Unicode char U+043B (decimal 1083)
   defining Unicode char U+043C (decimal 1084)
   defining Unicode char U+043D (decimal 1085)
   defining Unicode char U+043E (decimal 1086)
   defining Unicode char U+043F (decimal 1087)
   defining Unicode char U+0440 (decimal 1088)
   defining Unicode char U+0441 (decimal 1089)
   defining Unicode char U+0442 (decimal 1090)
   defining Unicode char U+0443 (decimal 1091)
   defining Unicode char U+0444 (decimal 1092)
   defining Unicode char U+0445 (decimal 1093)
   defining Unicode char U+0446 (decimal 1094)
   defining Unicode char U+0447 (decimal 1095)
   defining Unicode char U+0448 (decimal 1096)
   defining Unicode char U+0449 (decimal 1097)
   defining Unicode char U+044A (decimal 1098)
   defining Unicode char U+044B (decimal 1099)
   defining Unicode char U+044C (decimal 1100)
   defining Unicode char U+044D (decimal 1101)
   defining Unicode char U+044E (decimal 1102)
   defining Unicode char U+044F (decimal 1103)
   defining Unicode char U+0450 (decimal 1104)
   defining Unicode char U+0451 (decimal 1105)
   defining Unicode char U+0452 (decimal 1106)
   defining Unicode char U+0453 (decimal 1107)
   defining Unicode char U+0454 (decimal 1108)
   defining Unicode char U+0455 (decimal 1109)
   defining Unicode char U+0456 (decimal 1110)
   defining Unicode char U+0457 (decimal 1111)
   defining Unicode char U+0458 (decimal 1112)
   defining Unicode char U+0459 (decimal 1113)
   defining Unicode char U+045A (decimal 1114)
   defining Unicode char U+045B (decimal 1115)
   defining Unicode char U+045C (decimal 1116)
   defining Unicode char U+045D (decimal 1117)
   defining Unicode char U+045E (decimal 1118)
   defining Unicode char U+045F (decimal 1119)
   defining Unicode char U+0490 (decimal 1168)
   defining Unicode char U+0491 (decimal 1169)
   defining Unicode char U+0492 (decimal 1170)
   defining Unicode char U+0493 (decimal 1171)
   defining Unicode char U+0496 (decimal 1174)
   defining Unicode char U+0497 (decimal 1175)
   defining Unicode char U+0498 (decimal 1176)
   defining Unicode char U+0499 (decimal 1177)
   defining Unicode char U+049A (decimal 1178)
   defining Unicode char U+049B (decimal 1179)
   defining Unicode char U+049C (decimal 1180)
   defining Unicode char U+049D (decimal 1181)
   defining Unicode char U+04A0 (decimal 1184)
   defining Unicode char U+04A1 (decimal 1185)
   defining Unicode char U+04A2 (decimal 1186)
   defining Unicode char U+04A3 (decimal 1187)
   defining Unicode char U+04A4 (decimal 1188)
   defining Unicode char U+04A5 (decimal 1189)
   defining Unicode char U+04AA (decimal 1194)
   defining Unicode char U+04AB (decimal 1195)
   defining Unicode char U+04AE (decimal 1198)
   defining Unicode char U+04AF (decimal 1199)
   defining Unicode char U+04B0 (decimal 1200)
   defining Unicode char U+04B1 (decimal 1201)
   defining Unicode char U+04B2 (decimal 1202)
   defining Unicode char U+04B3 (decimal 1203)
   defining Unicode char U+04B6 (decimal 1206)
   defining Unicode char U+04B7 (decimal 1207)
   defining Unicode char U+04B8 (decimal 1208)
   defining Unicode char U+04B9 (decimal 1209)
   defining Unicode char U+04BA (decimal 1210)
   defining Unicode char U+04BB (decimal 1211)
   defining Unicode char U+04C0 (decimal 1216)
   defining Unicode char U+04C1 (decimal 1217)
   defining Unicode char U+04C2 (decimal 1218)
   defining Unicode char U+04D0 (decimal 1232)
   defining Unicode char U+04D1 (decimal 1233)
   defining Unicode char U+04D2 (decimal 1234)
   defining Unicode char U+04D3 (decimal 1235)
   defining Unicode char U+04D4 (decimal 1236)
   defining Unicode char U+04D5 (decimal 1237)
   defining Unicode char U+04D6 (decimal 1238)
   defining Unicode char U+04D7 (decimal 1239)
   defining Unicode char U+04D8 (decimal 1240)
   defining Unicode char U+04D9 (decimal 1241)
   defining Unicode char U+04DA (decimal 1242)
   defining Unicode char U+04DB (decimal 1243)
   defining Unicode char U+04DC (decimal 1244)
   defining Unicode char U+04DD (decimal 1245)
   defining Unicode char U+04DE (decimal 1246)
   defining Unicode char U+04DF (decimal 1247)
   defining Unicode char U+04E2 (decimal 1250)
   defining Unicode char U+04E3 (decimal 1251)
   defining Unicode char U+04E4 (decimal 1252)
   defining Unicode char U+04E5 (decimal 1253)
   defining Unicode char U+04E6 (decimal 1254)
   defining Unicode char U+04E7 (decimal 1255)
   defining Unicode char U+04E8 (decimal 1256)
   defining Unicode char U+04E9 (decimal 1257)
   defining Unicode char U+04EC (decimal 1260)
   defining Unicode char U+04ED (decimal 1261)
   defining Unicode char U+04EE (decimal 1262)
   defining Unicode char U+04EF (decimal 1263)
   defining Unicode char U+04F0 (decimal 1264)
   defining Unicode char U+04F1 (decimal 1265)
   defining Unicode char U+04F2 (decimal 1266)
   defining Unicode char U+04F3 (decimal 1267)
   defining Unicode char U+04F4 (decimal 1268)
   defining Unicode char U+04F5 (decimal 1269)
   defining Unicode char U+04F8 (decimal 1272)
   defining Unicode char U+04F9 (decimal 1273)
   defining Unicode char U+200C (decimal 8204)
   defining Unicode char U+2013 (decimal 8211)
   defining Unicode char U+2014 (decimal 8212)
   defining Unicode char U+2018 (decimal 8216)
   defining Unicode char U+2019 (decimal 8217)
   defining Unicode char U+201C (decimal 8220)
   defining Unicode char U+201D (decimal 8221)
   defining Unicode char U+201E (decimal 8222)
   defining Unicode char U+2030 (decimal 8240)
   defining Unicode char U+2031 (decimal 8241)
   defining Unicode char U+2116 (decimal 8470)
   defining Unicode char U+2329 (decimal 9001)
   defining Unicode char U+3008 (decimal 12296)
   defining Unicode char U+232A (decimal 9002)
   defining Unicode char U+3009 (decimal 12297)
   defining Unicode char U+2423 (decimal 9251)
   defining Unicode char U+27E8 (decimal 10216)
   defining Unicode char U+27E9 (decimal 10217)
   defining Unicode char U+FB00 (decimal 64256)
   defining Unicode char U+FB01 (decimal 64257)
   defining Unicode char U+FB02 (decimal 64258)
   defining Unicode char U+FB03 (decimal 64259)
   defining Unicode char U+FB04 (decimal 64260)
   defining Unicode char U+FB05 (decimal 64261)
   defining Unicode char U+FB06 (decimal 64262)
))
LaTeX Font Info:    Trying to load font information for T2A+cmr on input line 1
12.

(/usr/share/texmf-dist/tex/latex/cyrillic/t2acmr.fd
File: t2acmr.fd 2001/08/11 v1.0a Computer Modern Cyrillic font definitions
))
(/usr/share/texmf-dist/tex/latex/graphics/graphicx.sty
Package: graphicx 2021/09/16 v1.2d Enhanced LaTeX Graphics (DPC,SPQR)

(/usr/share/texmf-dist/tex/latex/graphics/graphics.sty
Package: graphics 2022/03/10 v1.4e Standard LaTeX Graphics (DPC,SPQR)

(/usr/share/texmf-dist/tex/latex/graphics/trig.sty
Package: trig 2021/08/11 v1.11 sin cos tan (DPC)
)
(/usr/share/texmf-dist/tex/latex/graphics-cfg/graphics.cfg
File: graphics.cfg 2016/06/04 v1.11 sample graphics configuration
)
Package graphics Info: Driver file: pdftex.def on input line 107.

(/usr/share/texmf-dist/tex/latex/graphics-def/pdftex.def
File: pdftex.def 2022/09/22 v1.2b Graphics/color driver for pdftex
))
\Gin@req@height=\dimen149
\Gin@req@width=\dimen150
)
(/usr/share/texmf-dist/tex/latex/hyphenat/hyphenat.sty
Package: hyphenat 2009/09/02 v2.3c hyphenation utilities
\langwohyphens=\language3
LaTeX Info: Redefining \_ on input line 43.
)
(/usr/share/texmf-dist/tex/generic/babel/babel.sty
Package: babel 2023/02/13 3.86 The Babel package
\babel@savecnt=\count196
\U@D=\dimen151
\l@unhyphenated=\language4

(/usr/share/texmf-dist/tex/generic/babel/txtbabel.def)
\bbl@readstream=\read2
\bbl@dirlevel=\count197

(/usr/share/texmf-dist/tex/generic/babel-english/english.ldf
Language: english 2017/06/06 v3.3r English support from the babel system
Package babel Info: Hyphen rules for 'british' set to \l@english
(babel)             (\language0). Reported on input line 82.
Package babel Info: Hyphen rules for 'UKenglish' set to \l@english
(babel)             (\language0). Reported on input line 83.
Package babel Info: Hyphen rules for 'canadian' set to \l@english
(babel)             (\language0). Reported on input line 102.
Package babel Info: Hyphen rules for 'australian' set to \l@english
(babel)             (\language0). Reported on input line 105.
Package babel Info: Hyphen rules for 'newzealand' set to \l@english
(babel)             (\language0). Reported on input line 108.
)
(/usr/share/texmf-dist/tex/generic/babel-russian/russianb.ldf
File: russianb.ldf 2021/01/10 1.3m Russian support for the Babel system
Language: russian 2020/09/09 1.3k Russian support for the Babel system


Package babel Warning: No hyphenation patterns were preloaded for
(babel)                the language 'Russian' into the format.
(babel)                Please, configure your TeX system to add them and
(babel)                rebuild the format. Now I will use the patterns
(babel)                preloaded for \language=0 instead on input line 32.

Package babel Info: Hyphen rules for 'russian' set to \l@english
(babel)             (\language0). Reported on input line 33.
Package babel Info: Making " an active character on input line 124.
Package babel Info: Default for \cyrdash is provided on input line 163.
)) (/usr/share/texmf-dist/tex/generic/babel/locale/ru/babel-russian.tex
Package babel Info: Importing font and identification data for russian
(babel)             from babel-ru.ini. Reported on input line 11.
)
(/usr/share/texmf-dist/tex/generic/babel/locale/en/babel-english.tex
Package babel Info: Importing font and identification data for english
(babel)             from babel-en.ini. Reported on input line 11.
)
(/usr/share/texmf-dist/tex/latex/l3backend/l3backend-pdftex.def
File: l3backend-pdftex.def 2023-01-16 L3 backend support: PDF output (pdfTeX)
\l__color_backend_stack_int=\count198
\l__pdf_internal_box=\box51
) (./report.aux)
\openout1 = `report.aux'.

LaTeX Font Info:    Checking defaults for OML/cmm/m/it on input line 13.
LaTeX Font Info:    ... okay on input line 13.
LaTeX Font Info:    Checking defaults for OMS/cmsy/m/n on input line 13.
LaTeX Font Info:    ... okay on input line 13.
LaTeX Font Info:    Checking defaults for OT1/cmr/m/n on input line 13.
LaTeX Font Info:    ... okay on input line 13.
LaTeX Font Info:    Checking defaults for T1/cmr/m/n on input line 13.
LaTeX Font Info:    ... okay on input line 13.
LaTeX Font Info:    Checking defaults for TS1/cmr/m/n on input line 13.
LaTeX Font Info:    ... okay on input line 13.
LaTeX Font Info:    Checking defaults for OMX/cmex/m/n on input line 13.
LaTeX Font Info:    ... okay on input line 13.
LaTeX Font Info:    Checking defaults for U/cmr/m/n on input line 13.
LaTeX Font Info:    ... okay on input line 13.
LaTeX Font Info:    Checking defaults for T2A/cmr/m/n on input line 13.
LaTeX Font Info:    ... okay on input line 13.
*geometry* driver: auto-detecting
*geometry* detected driver: pdftex
*geometry* verbose mode - [ preamble ] result:
* driver: pdftex
* paper: a4paper
* layout: <same size as paper>
* layoutoffset:(h,v)=(0.0pt,0.0pt)
* modes: 
* h-part:(L,W,R)=(85.35826pt, 469.47049pt, 42.67912pt)
* v-part:(T,H,B)=(56.9055pt, 731.23584pt, 56.9055pt)
* \paperwidth=597.50787pt
* \paperheight=845.04684pt
* \textwidth=469.47049pt
* \textheight=731.23584pt
* \oddsidemargin=13.08827pt
* \evensidemargin=13.08827pt
* \topmargin=-52.36449pt
* \headheight=12.0pt
* \headsep=25.0pt
* \topskip=12.0pt
* \footskip=30.0pt
* \marginparwidth=35.0pt
* \marginparsep=10.0pt
* \columnsep=10.0pt
* \skip\footins=10.8pt plus 4.0pt minus 2.0pt
* \hoffset=0.0pt
* \voffset=0.0pt
* \mag=1000
* \@twocolumnfalse
* \@twosidefalse
* \@mparswitchfalse
* \@reversemarginfalse
* (1in=72.27pt=25.4mm, 1cm=28.453pt)

(/usr/share/texmf-dist/tex/context/base/mkii/supp-pdf.mkii
[Loading MPS to PDF converter (version 2006.09.02).]
\scratchcounter=\count199
\scratchdimen=\dimen152
\scratchbox=\box52
\nofMPsegments=\count266
\nofMParguments=\count267
\everyMPshowfont=\toks18
\MPscratchCnt=\count268
\MPscratchDim=\dimen153
\MPnumerator=\count269
\makeMPintoPDFobject=\count270
\everyMPtoPDFconversion=\toks19
) (/usr/share/texmf-dist/tex/latex/epstopdf-pkg/epstopdf-base.sty
Package: epstopdf-base 2020-01-24 v2.11 Base part for package epstopdf

(/usr/share/texmf-dist/tex/generic/infwarerr/infwarerr.sty
Package: infwarerr 2019/12/03 v1.5 Providing info/warning/error messages (HO)
)
(/usr/share/texmf-dist/tex/latex/grfext/grfext.sty
Package: grfext 2019/12/03 v1.3 Manage graphics extensions (HO)

(/usr/share/texmf-dist/tex/generic/kvdefinekeys/kvdefinekeys.sty
Package: kvdefinekeys 2019-12-19 v1.6 Define keys (HO)
))
(/usr/share/texmf-dist/tex/latex/kvoptions/kvoptions.sty
Package: kvoptions 2022-06-15 v3.15 Key value format for package options (HO)

(/usr/share/texmf-dist/tex/generic/ltxcmds/ltxcmds.sty
Package: ltxcmds 2020-05-10 v1.25 LaTeX kernel commands for general use (HO)
)
(/usr/share/texmf-dist/tex/latex/kvsetkeys/kvsetkeys.sty
Package: kvsetkeys 2022-10-05 v1.19 Key value parser (HO)
))
(/usr/share/texmf-dist/tex/generic/pdftexcmds/pdftexcmds.sty
Package: pdftexcmds 2020-06-27 v0.33 Utility functions of pdfTeX for LuaTeX (HO
)
Package pdftexcmds Info: \pdf@primitive is available.
Package pdftexcmds Info: \pdf@ifprimitive is available.
Package pdftexcmds Info: \pdfdraftmode found.
)
Package epstopdf-base Info: Redefining graphics rule for `.eps' on input line 4
85.
Package grfext Info: Graphics extension search list:
(grfext)             [.pdf,.png,.jpg,.mps,.jpeg,.jbig2,.jb2,.PDF,.PNG,.JPG,.JPE
G,.JBIG2,.JB2,.eps]
(grfext)             \AppendGraphicsExtensions on input line 504.

(/usr/share/texmf-dist/tex/latex/latexconfig/epstopdf-sys.cfg
File: epstopdf-sys.cfg 2010/07/13 v1.3 Configuration of (r)epstopdf for TeX Liv
e
))
LaTeX Info: Redefining \th on input line 13.
 (./report.toc
LaTeX Font Info:    External font `cmex10' loaded for size
(Font)              <12> on input line 4.
LaTeX Font Info:    External font `cmex10' loaded for size
(Font)              <8> on input line 4.
LaTeX Font Info:    External font `cmex10' loaded for size
(Font)              <6> on input line 4.
)
\tf@toc=\write3
\openout3 = `report.toc'.


Overfull \hbox (21.13611pt too wide) in paragraph at lines 23--24
[]\T2A/cmr/m/n/12 Составить таблицу кодов блоков для метода Хаффмана с блокиров
анием. Вероятности
 []


Overfull \hbox (1.72061pt too wide) in paragraph at lines 23--24
\T2A/cmr/m/n/12 букв считать по фрагменту сообщения в задании. Длина блока указ
ана. Вычислить
 []


Overfull \hbox (17.71193pt too wide) in paragraph at lines 23--24
\T2A/cmr/m/n/12 среднее количество элементарных символов на букву при сжатии ме
тодом Хаффмана,
 []


Overfull \hbox (12.32164pt too wide) in paragraph at lines 23--24
\T2A/cmr/m/n/12 ML(Xбл) ^^U среднее количество элементарных символов на букву п
ри сжатии методом
 []

[1

{/var/lib/texmf/fonts/map/pdftex/updmap/pdftex.map}{/usr/share/texmf-dist/fonts
/enc/dvips/cm-super/cm-super-t2a.enc}] [2]
</home/fizlrock/data/files/backup/code_backup/hobby/algoritms/LabExecutor/app/.
/doc_src/images/29358038.jpg, id=14, 170.88844pt x 116.68594pt>
File: /home/fizlrock/data/files/backup/code_backup/hobby/algoritms/LabExecutor/
app/./doc_src/images/29358038.jpg Graphic file (type jpg)
<use /home/fizlrock/data/files/backup/code_backup/hobby/algoritms/LabExecutor/a
pp/./doc_src/images/29358038.jpg>
Package pdftex.def Info: /home/fizlrock/data/files/backup/code_backup/hobby/alg
oritms/LabExecutor/app/./doc_src/images/29358038.jpg  used on input line 60.
(pdftex.def)             Requested size: 234.73524pt x 160.29318pt.
</home/fizlrock/data/files/backup/code_backup/hobby/algoritms/LabExecutor/app/.
/doc_src/images/2001953193.jpg, id=15, 603.75563pt x 405.76593pt>
File: /home/fizlrock/data/files/backup/code_backup/hobby/algoritms/LabExecutor/
app/./doc_src/images/2001953193.jpg Graphic file (type jpg)
<use /home/fizlrock/data/files/backup/code_backup/hobby/algoritms/LabExecutor/a
pp/./doc_src/images/2001953193.jpg>
Package pdftex.def Info: /home/fizlrock/data/files/backup/code_backup/hobby/alg
oritms/LabExecutor/app/./doc_src/images/2001953193.jpg  used on input line 62.
(pdftex.def)             Requested size: 422.52057pt x 283.95992pt.
 [3 </home/fizlrock/data/files/backup/code_backup/hobby/algoritms/LabExecutor/a
pp/./doc_src/images/29358038.jpg>]
[4 </home/fizlrock/data/files/backup/code_backup/hobby/algoritms/LabExecutor/ap
p/./doc_src/images/2001953193.jpg>]
</home/fizlrock/data/files/backup/code_backup/hobby/algoritms/LabExecutor/app/.
/doc_src/images/1758191469.jpg, id=23, 207.02344pt x 188.95593pt>
File: /home/fizlrock/data/files/backup/code_backup/hobby/algoritms/LabExecutor/
app/./doc_src/images/1758191469.jpg Graphic file (type jpg)
<use /home/fizlrock/data/files/backup/code_backup/hobby/algoritms/LabExecutor/a
pp/./doc_src/images/1758191469.jpg>
Package pdftex.def Info: /home/fizlrock/data/files/backup/code_backup/hobby/alg
oritms/LabExecutor/app/./doc_src/images/1758191469.jpg  used on input line 137.

(pdftex.def)             Requested size: 234.73524pt x 214.25581pt.
</home/fizlrock/data/files/backup/code_backup/hobby/algoritms/LabExecutor/app/.
/doc_src/images/418601445.jpg, id=24, 578.91281pt x 333.49594pt>
File: /home/fizlrock/data/files/backup/code_backup/hobby/algoritms/LabExecutor/
app/./doc_src/images/418601445.jpg Graphic file (type jpg)
<use /home/fizlrock/data/files/backup/code_backup/hobby/algoritms/LabExecutor/a
pp/./doc_src/images/418601445.jpg>
Package pdftex.def Info: /home/fizlrock/data/files/backup/code_backup/hobby/alg
oritms/LabExecutor/app/./doc_src/images/418601445.jpg  used on input line 139.
(pdftex.def)             Requested size: 422.52057pt x 243.4042pt.
 [5 </home/fizlrock/data/files/backup/code_backup/hobby/algoritms/LabExecutor/a
pp/./doc_src/images/1758191469.jpg>]
[6 </home/fizlrock/data/files/backup/code_backup/hobby/algoritms/LabExecutor/ap
p/./doc_src/images/418601445.jpg>]
</home/fizlrock/data/files/backup/code_backup/hobby/algoritms/LabExecutor/app/.
/doc_src/images/2111108543.jpg, id=31, 207.02344pt x 188.95593pt>
File: /home/fizlrock/data/files/backup/code_backup/hobby/algoritms/LabExecutor/
app/./doc_src/images/2111108543.jpg Graphic file (type jpg)
<use /home/fizlrock/data/files/backup/code_backup/hobby/algoritms/LabExecutor/a
pp/./doc_src/images/2111108543.jpg>
Package pdftex.def Info: /home/fizlrock/data/files/backup/code_backup/hobby/alg
oritms/LabExecutor/app/./doc_src/images/2111108543.jpg  used on input line 214.

(pdftex.def)             Requested size: 234.73524pt x 214.25581pt.
</home/fizlrock/data/files/backup/code_backup/hobby/algoritms/LabExecutor/app/.
/doc_src/images/1213513418.jpg, id=32, 618.81187pt x 478.03593pt>
File: /home/fizlrock/data/files/backup/code_backup/hobby/algoritms/LabExecutor/
app/./doc_src/images/1213513418.jpg Graphic file (type jpg)
<use /home/fizlrock/data/files/backup/code_backup/hobby/algoritms/LabExecutor/a
pp/./doc_src/images/1213513418.jpg>
Package pdftex.def Info: /home/fizlrock/data/files/backup/code_backup/hobby/alg
oritms/LabExecutor/app/./doc_src/images/1213513418.jpg  used on input line 216.

(pdftex.def)             Requested size: 422.52057pt x 326.40956pt.
 [7 </home/fizlrock/data/files/backup/code_backup/hobby/algoritms/LabExecutor/a
pp/./doc_src/images/2111108543.jpg>] [8 </home/fizlrock/data/files/backup/code_
backup/hobby/algoritms/LabExecutor/app/./doc_src/images/1213513418.jpg>]
</home/fizlrock/data/files/backup/code_backup/hobby/algoritms/LabExecutor/app/.
/doc_src/images/795705842.jpg, id=40, 172.39406pt x 116.68594pt>
File: /home/fizlrock/data/files/backup/code_backup/hobby/algoritms/LabExecutor/
app/./doc_src/images/795705842.jpg Graphic file (type jpg)
<use /home/fizlrock/data/files/backup/code_backup/hobby/algoritms/LabExecutor/a
pp/./doc_src/images/795705842.jpg>
Package pdftex.def Info: /home/fizlrock/data/files/backup/code_backup/hobby/alg
oritms/LabExecutor/app/./doc_src/images/795705842.jpg  used on input line 289.
(pdftex.def)             Requested size: 234.73524pt x 158.88304pt.
</home/fizlrock/data/files/backup/code_backup/hobby/algoritms/LabExecutor/app/.
/doc_src/images/1912362528.jpg, id=41, 551.81157pt x 333.49594pt>
File: /home/fizlrock/data/files/backup/code_backup/hobby/algoritms/LabExecutor/
app/./doc_src/images/1912362528.jpg Graphic file (type jpg)
<use /home/fizlrock/data/files/backup/code_backup/hobby/algoritms/LabExecutor/a
pp/./doc_src/images/1912362528.jpg>
Package pdftex.def Info: /home/fizlrock/data/files/backup/code_backup/hobby/alg
oritms/LabExecutor/app/./doc_src/images/1912362528.jpg  used on input line 291.

(pdftex.def)             Requested size: 422.52057pt x 255.36781pt.
 [9 </home/fizlrock/data/files/backup/code_backup/hobby/algoritms/LabExecutor/a
pp/./doc_src/images/795705842.jpg> </home/fizlrock/data/files/backup/code_backu
p/hobby/algoritms/LabExecutor/app/./doc_src/images/1912362528.jpg>] [10]
</home/fizlrock/data/files/backup/code_backup/hobby/algoritms/LabExecutor/app/.
/doc_src/images/45420528.jpg, id=48, 207.02344pt x 188.95593pt>
File: /home/fizlrock/data/files/backup/code_backup/hobby/algoritms/LabExecutor/
app/./doc_src/images/45420528.jpg Graphic file (type jpg)
<use /home/fizlrock/data/files/backup/code_backup/hobby/algoritms/LabExecutor/a
pp/./doc_src/images/45420528.jpg>
Package pdftex.def Info: /home/fizlrock/data/files/backup/code_backup/hobby/alg
oritms/LabExecutor/app/./doc_src/images/45420528.jpg  used on input line 368.
(pdftex.def)             Requested size: 234.73524pt x 214.25581pt.
</home/fizlrock/data/files/backup/code_backup/hobby/algoritms/LabExecutor/app/.
/doc_src/images/1293317870.jpg, id=49, 575.14874pt x 333.49594pt>
File: /home/fizlrock/data/files/backup/code_backup/hobby/algoritms/LabExecutor/
app/./doc_src/images/1293317870.jpg Graphic file (type jpg)
<use /home/fizlrock/data/files/backup/code_backup/hobby/algoritms/LabExecutor/a
pp/./doc_src/images/1293317870.jpg>
Package pdftex.def Info: /home/fizlrock/data/files/backup/code_backup/hobby/alg
oritms/LabExecutor/app/./doc_src/images/1293317870.jpg  used on input line 370.

(pdftex.def)             Requested size: 422.52057pt x 245.00206pt.
 [11 </home/fizlrock/data/files/backup/code_backup/hobby/algoritms/LabExecutor/
app/./doc_src/images/45420528.jpg>] [12 </home/fizlrock/data/files/backup/code_
backup/hobby/algoritms/LabExecutor/app/./doc_src/images/1293317870.jpg>]
</home/fizlrock/data/files/backup/code_backup/hobby/algoritms/LabExecutor/app/.
/doc_src/images/1478962411.jpg, id=56, 208.52907pt x 188.95593pt>
File: /home/fizlrock/data/files/backup/code_backup/hobby/algoritms/LabExecutor/
app/./doc_src/images/1478962411.jpg Graphic file (type jpg)
<use /home/fizlrock/data/files/backup/code_backup/hobby/algoritms/LabExecutor/a
pp/./doc_src/images/1478962411.jpg>
Package pdftex.def Info: /home/fizlrock/data/files/backup/code_backup/hobby/alg
oritms/LabExecutor/app/./doc_src/images/1478962411.jpg  used on input line 447.

(pdftex.def)             Requested size: 234.73524pt x 212.71327pt.
</home/fizlrock/data/files/backup/code_backup/hobby/algoritms/LabExecutor/app/.
/doc_src/images/333226769.jpg, id=57, 701.62125pt x 333.49594pt>
File: /home/fizlrock/data/files/backup/code_backup/hobby/algoritms/LabExecutor/
app/./doc_src/images/333226769.jpg Graphic file (type jpg)
<use /home/fizlrock/data/files/backup/code_backup/hobby/algoritms/LabExecutor/a
pp/./doc_src/images/333226769.jpg>
Package pdftex.def Info: /home/fizlrock/data/files/backup/code_backup/hobby/alg
oritms/LabExecutor/app/./doc_src/images/333226769.jpg  used on input line 449.
(pdftex.def)             Requested size: 422.52057pt x 200.83696pt.
 [13 </home/fizlrock/data/files/backup/code_backup/hobby/algoritms/LabExecutor/
app/./doc_src/images/1478962411.jpg> </home/fizlrock/data/files/backup/code_bac
kup/hobby/algoritms/LabExecutor/app/./doc_src/images/333226769.jpg>] [14]
</home/fizlrock/data/files/backup/code_backup/hobby/algoritms/LabExecutor/app/.
/doc_src/images/401370667.jpg, id=65, 170.88844pt x 116.68594pt>
File: /home/fizlrock/data/files/backup/code_backup/hobby/algoritms/LabExecutor/
app/./doc_src/images/401370667.jpg Graphic file (type jpg)
<use /home/fizlrock/data/files/backup/code_backup/hobby/algoritms/LabExecutor/a
pp/./doc_src/images/401370667.jpg>
Package pdftex.def Info: /home/fizlrock/data/files/backup/code_backup/hobby/alg
oritms/LabExecutor/app/./doc_src/images/401370667.jpg  used on input line 522.
(pdftex.def)             Requested size: 234.73524pt x 160.29318pt.
</home/fizlrock/data/files/backup/code_backup/hobby/algoritms/LabExecutor/app/.
/doc_src/images/267744504.jpg, id=66, 603.75563pt x 405.76593pt>
File: /home/fizlrock/data/files/backup/code_backup/hobby/algoritms/LabExecutor/
app/./doc_src/images/267744504.jpg Graphic file (type jpg)
<use /home/fizlrock/data/files/backup/code_backup/hobby/algoritms/LabExecutor/a
pp/./doc_src/images/267744504.jpg>
Package pdftex.def Info: /home/fizlrock/data/files/backup/code_backup/hobby/alg
oritms/LabExecutor/app/./doc_src/images/267744504.jpg  used on input line 524.
(pdftex.def)             Requested size: 422.52057pt x 283.95992pt.
 [15 </home/fizlrock/data/files/backup/code_backup/hobby/algoritms/LabExecutor/
app/./doc_src/images/401370667.jpg> </home/fizlrock/data/files/backup/code_back
up/hobby/algoritms/LabExecutor/app/./doc_src/images/267744504.jpg>]
[16]
</home/fizlrock/data/files/backup/code_backup/hobby/algoritms/LabExecutor/app/.
/doc_src/images/631408673.jpg, id=73, 205.5178pt x 188.95593pt>
File: /home/fizlrock/data/files/backup/code_backup/hobby/algoritms/LabExecutor/
app/./doc_src/images/631408673.jpg Graphic file (type jpg)
<use /home/fizlrock/data/files/backup/code_backup/hobby/algoritms/LabExecutor/a
pp/./doc_src/images/631408673.jpg>
Package pdftex.def Info: /home/fizlrock/data/files/backup/code_backup/hobby/alg
oritms/LabExecutor/app/./doc_src/images/631408673.jpg  used on input line 619.
(pdftex.def)             Requested size: 234.73524pt x 215.81853pt.
 [17]
</home/fizlrock/data/files/backup/code_backup/hobby/algoritms/LabExecutor/app/.
/doc_src/images/928214504.jpg, id=77, 1455.18657pt x 622.57594pt>
File: /home/fizlrock/data/files/backup/code_backup/hobby/algoritms/LabExecutor/
app/./doc_src/images/928214504.jpg Graphic file (type jpg)
<use /home/fizlrock/data/files/backup/code_backup/hobby/algoritms/LabExecutor/a
pp/./doc_src/images/928214504.jpg>
Package pdftex.def Info: /home/fizlrock/data/files/backup/code_backup/hobby/alg
oritms/LabExecutor/app/./doc_src/images/928214504.jpg  used on input line 621.
(pdftex.def)             Requested size: 422.52057pt x 180.77039pt.
 [18 </home/fizlrock/data/files/backup/code_backup/hobby/algoritms/LabExecutor/
app/./doc_src/images/631408673.jpg> </home/fizlrock/data/files/backup/code_back
up/hobby/algoritms/LabExecutor/app/./doc_src/images/928214504.jpg>]
[19]
</home/fizlrock/data/files/backup/code_backup/hobby/algoritms/LabExecutor/app/.
/doc_src/images/1415925529.jpg, id=85, 207.02344pt x 188.95593pt>
File: /home/fizlrock/data/files/backup/code_backup/hobby/algoritms/LabExecutor/
app/./doc_src/images/1415925529.jpg Graphic file (type jpg)
<use /home/fizlrock/data/files/backup/code_backup/hobby/algoritms/LabExecutor/a
pp/./doc_src/images/1415925529.jpg>
Package pdftex.def Info: /home/fizlrock/data/files/backup/code_backup/hobby/alg
oritms/LabExecutor/app/./doc_src/images/1415925529.jpg  used on input line 698.

(pdftex.def)             Requested size: 234.73524pt x 214.25581pt.
</home/fizlrock/data/files/backup/code_backup/hobby/algoritms/LabExecutor/app/.
/doc_src/images/1294615340.jpg, id=86, 623.32875pt x 478.03593pt>
File: /home/fizlrock/data/files/backup/code_backup/hobby/algoritms/LabExecutor/
app/./doc_src/images/1294615340.jpg Graphic file (type jpg)
<use /home/fizlrock/data/files/backup/code_backup/hobby/algoritms/LabExecutor/a
pp/./doc_src/images/1294615340.jpg>
Package pdftex.def Info: /home/fizlrock/data/files/backup/code_backup/hobby/alg
oritms/LabExecutor/app/./doc_src/images/1294615340.jpg  used on input line 700.

(pdftex.def)             Requested size: 422.52057pt x 324.03894pt.
 [20 </home/fizlrock/data/files/backup/code_backup/hobby/algoritms/LabExecutor/
app/./doc_src/images/1415925529.jpg>] [21 </home/fizlrock/data/files/backup/cod
e_backup/hobby/algoritms/LabExecutor/app/./doc_src/images/1294615340.jpg>]
</home/fizlrock/data/files/backup/code_backup/hobby/algoritms/LabExecutor/app/.
/doc_src/images/895645829.jpg, id=93, 169.38281pt x 116.68594pt>
File: /home/fizlrock/data/files/backup/code_backup/hobby/algoritms/LabExecutor/
app/./doc_src/images/895645829.jpg Graphic file (type jpg)
<use /home/fizlrock/data/files/backup/code_backup/hobby/algoritms/LabExecutor/a
pp/./doc_src/images/895645829.jpg>
Package pdftex.def Info: /home/fizlrock/data/files/backup/code_backup/hobby/alg
oritms/LabExecutor/app/./doc_src/images/895645829.jpg  used on input line 773.
(pdftex.def)             Requested size: 234.73524pt x 161.71223pt.
</home/fizlrock/data/files/backup/code_backup/hobby/algoritms/LabExecutor/app/.
/doc_src/images/1126859869.jpg, id=94, 539.76656pt x 333.49594pt>
File: /home/fizlrock/data/files/backup/code_backup/hobby/algoritms/LabExecutor/
app/./doc_src/images/1126859869.jpg Graphic file (type jpg)
<use /home/fizlrock/data/files/backup/code_backup/hobby/algoritms/LabExecutor/a
pp/./doc_src/images/1126859869.jpg>
Package pdftex.def Info: /home/fizlrock/data/files/backup/code_backup/hobby/alg
oritms/LabExecutor/app/./doc_src/images/1126859869.jpg  used on input line 775.

(pdftex.def)             Requested size: 422.52057pt x 261.0621pt.

[22 </home/fizlrock/data/files/backup/code_backup/hobby/algoritms/LabExecutor/a
pp/./doc_src/images/895645829.jpg> </home/fizlrock/data/files/backup/code_backu
p/hobby/algoritms/LabExecutor/app/./doc_src/images/1126859869.jpg>] [23]
</home/fizlrock/data/files/backup/code_backup/hobby/algoritms/LabExecutor/app/.
/doc_src/images/87347557.jpg, id=101, 207.02344pt x 188.95593pt>
File: /home/fizlrock/data/files/backup/code_backup/hobby/algoritms/LabExecutor/
app/./doc_src/images/87347557.jpg Graphic file (type jpg)
<use /home/fizlrock/data/files/backup/code_backup/hobby/algoritms/LabExecutor/a
pp/./doc_src/images/87347557.jpg>
Package pdftex.def Info: /home/fizlrock/data/files/backup/code_backup/hobby/alg
oritms/LabExecutor/app/./doc_src/images/87347557.jpg  used on input line 850.
(pdftex.def)             Requested size: 234.73524pt x 214.25581pt.
</home/fizlrock/data/files/backup/code_backup/hobby/algoritms/LabExecutor/app/.
/doc_src/images/591412353.jpg, id=102, 423.08063pt x 478.03593pt>
File: /home/fizlrock/data/files/backup/code_backup/hobby/algoritms/LabExecutor/
app/./doc_src/images/591412353.jpg Graphic file (type jpg)
<use /home/fizlrock/data/files/backup/code_backup/hobby/algoritms/LabExecutor/a
pp/./doc_src/images/591412353.jpg>
Package pdftex.def Info: /home/fizlrock/data/files/backup/code_backup/hobby/alg
oritms/LabExecutor/app/./doc_src/images/591412353.jpg  used on input line 852.
(pdftex.def)             Requested size: 422.52057pt x 477.42204pt.

[24 </home/fizlrock/data/files/backup/code_backup/hobby/algoritms/LabExecutor/a
pp/./doc_src/images/87347557.jpg>] [25 </home/fizlrock/data/files/backup/code_b
ackup/hobby/algoritms/LabExecutor/app/./doc_src/images/591412353.jpg>] [26]
</home/fizlrock/data/files/backup/code_backup/hobby/algoritms/LabExecutor/app/.
/doc_src/images/187501196.jpg, id=113, 207.02344pt x 188.95593pt>
File: /home/fizlrock/data/files/backup/code_backup/hobby/algoritms/LabExecutor/
app/./doc_src/images/187501196.jpg Graphic file (type jpg)
<use /home/fizlrock/data/files/backup/code_backup/hobby/algoritms/LabExecutor/a
pp/./doc_src/images/187501196.jpg>
Package pdftex.def Info: /home/fizlrock/data/files/backup/code_backup/hobby/alg
oritms/LabExecutor/app/./doc_src/images/187501196.jpg  used on input line 947.
(pdftex.def)             Requested size: 234.73524pt x 214.25581pt.

[27]
</home/fizlrock/data/files/backup/code_backup/hobby/algoritms/LabExecutor/app/.
/doc_src/images/603710764.jpg, id=117, 2811.75468pt x 405.76593pt>
File: /home/fizlrock/data/files/backup/code_backup/hobby/algoritms/LabExecutor/
app/./doc_src/images/603710764.jpg Graphic file (type jpg)
<use /home/fizlrock/data/files/backup/code_backup/hobby/algoritms/LabExecutor/a
pp/./doc_src/images/603710764.jpg>
Package pdftex.def Info: /home/fizlrock/data/files/backup/code_backup/hobby/alg
oritms/LabExecutor/app/./doc_src/images/603710764.jpg  used on input line 949.
(pdftex.def)             Requested size: 422.52057pt x 60.97371pt.
 [28 </home/fizlrock/data/files/backup/code_backup/hobby/algoritms/LabExecutor/
app/./doc_src/images/187501196.jpg> </home/fizlrock/data/files/backup/code_back
up/hobby/algoritms/LabExecutor/app/./doc_src/images/603710764.jpg>]
</home/fizlrock/data/files/backup/code_backup/hobby/algoritms/LabExecutor/app/.
/doc_src/images/1397418416.jpg, id=121, 170.88844pt x 116.68594pt>
File: /home/fizlrock/data/files/backup/code_backup/hobby/algoritms/LabExecutor/
app/./doc_src/images/1397418416.jpg Graphic file (type jpg)
<use /home/fizlrock/data/files/backup/code_backup/hobby/algoritms/LabExecutor/a
pp/./doc_src/images/1397418416.jpg>
Package pdftex.def Info: /home/fizlrock/data/files/backup/code_backup/hobby/alg
oritms/LabExecutor/app/./doc_src/images/1397418416.jpg  used on input line 1024
.
(pdftex.def)             Requested size: 234.73524pt x 160.29318pt.
</home/fizlrock/data/files/backup/code_backup/hobby/algoritms/LabExecutor/app/.
/doc_src/images/1482988889.jpg, id=122, 718.18312pt x 333.49594pt>
File: /home/fizlrock/data/files/backup/code_backup/hobby/algoritms/LabExecutor/
app/./doc_src/images/1482988889.jpg Graphic file (type jpg)
<use /home/fizlrock/data/files/backup/code_backup/hobby/algoritms/LabExecutor/a
pp/./doc_src/images/1482988889.jpg>
Package pdftex.def Info: /home/fizlrock/data/files/backup/code_backup/hobby/alg
oritms/LabExecutor/app/./doc_src/images/1482988889.jpg  used on input line 1026
.
(pdftex.def)             Requested size: 422.52057pt x 196.20622pt.

[29 </home/fizlrock/data/files/backup/code_backup/hobby/algoritms/LabExecutor/a
pp/./doc_src/images/1397418416.jpg> </home/fizlrock/data/files/backup/code_back
up/hobby/algoritms/LabExecutor/app/./doc_src/images/1482988889.jpg>] [30]
</home/fizlrock/data/files/backup/code_backup/hobby/algoritms/LabExecutor/app/.
/doc_src/images/955898816.jpg, id=129, 245.41687pt x 261.22594pt>
File: /home/fizlrock/data/files/backup/code_backup/hobby/algoritms/LabExecutor/
app/./doc_src/images/955898816.jpg Graphic file (type jpg)
<use /home/fizlrock/data/files/backup/code_backup/hobby/algoritms/LabExecutor/a
pp/./doc_src/images/955898816.jpg>
Package pdftex.def Info: /home/fizlrock/data/files/backup/code_backup/hobby/alg
oritms/LabExecutor/app/./doc_src/images/955898816.jpg  used on input line 1113.

(pdftex.def)             Requested size: 234.73524pt x 249.86522pt.
</home/fizlrock/data/files/backup/code_backup/hobby/algoritms/LabExecutor/app/.
/doc_src/images/1626899809.jpg, id=130, 949.29657pt x 478.03593pt>
File: /home/fizlrock/data/files/backup/code_backup/hobby/algoritms/LabExecutor/
app/./doc_src/images/1626899809.jpg Graphic file (type jpg)
<use /home/fizlrock/data/files/backup/code_backup/hobby/algoritms/LabExecutor/a
pp/./doc_src/images/1626899809.jpg>
Package pdftex.def Info: /home/fizlrock/data/files/backup/code_backup/hobby/alg
oritms/LabExecutor/app/./doc_src/images/1626899809.jpg  used on input line 1115
.
(pdftex.def)             Requested size: 422.52057pt x 212.76543pt.

[31 </home/fizlrock/data/files/backup/code_backup/hobby/algoritms/LabExecutor/a
pp/./doc_src/images/955898816.jpg>] [32 </home/fizlrock/data/files/backup/code_
backup/hobby/algoritms/LabExecutor/app/./doc_src/images/1626899809.jpg>]
</home/fizlrock/data/files/backup/code_backup/hobby/algoritms/LabExecutor/app/.
/doc_src/images/2238657.jpg, id=138, 170.88844pt x 116.68594pt>
File: /home/fizlrock/data/files/backup/code_backup/hobby/algoritms/LabExecutor/
app/./doc_src/images/2238657.jpg Graphic file (type jpg)
<use /home/fizlrock/data/files/backup/code_backup/hobby/algoritms/LabExecutor/a
pp/./doc_src/images/2238657.jpg>
Package pdftex.def Info: /home/fizlrock/data/files/backup/code_backup/hobby/alg
oritms/LabExecutor/app/./doc_src/images/2238657.jpg  used on input line 1190.
(pdftex.def)             Requested size: 234.73524pt x 160.29318pt.
</home/fizlrock/data/files/backup/code_backup/hobby/algoritms/LabExecutor/app/.
/doc_src/images/1872306361.jpg, id=139, 718.18312pt x 333.49594pt>
File: /home/fizlrock/data/files/backup/code_backup/hobby/algoritms/LabExecutor/
app/./doc_src/images/1872306361.jpg Graphic file (type jpg)
<use /home/fizlrock/data/files/backup/code_backup/hobby/algoritms/LabExecutor/a
pp/./doc_src/images/1872306361.jpg>
Package pdftex.def Info: /home/fizlrock/data/files/backup/code_backup/hobby/alg
oritms/LabExecutor/app/./doc_src/images/1872306361.jpg  used on input line 1192
.
(pdftex.def)             Requested size: 422.52057pt x 196.20622pt.

[33 </home/fizlrock/data/files/backup/code_backup/hobby/algoritms/LabExecutor/a
pp/./doc_src/images/2238657.jpg> </home/fizlrock/data/files/backup/code_backup/
hobby/algoritms/LabExecutor/app/./doc_src/images/1872306361.jpg>] [34]
</home/fizlrock/data/files/backup/code_backup/hobby/algoritms/LabExecutor/app/.
/doc_src/images/1113411903.jpg, id=146, 247.67531pt x 261.22594pt>
File: /home/fizlrock/data/files/backup/code_backup/hobby/algoritms/LabExecutor/
app/./doc_src/images/1113411903.jpg Graphic file (type jpg)
<use /home/fizlrock/data/files/backup/code_backup/hobby/algoritms/LabExecutor/a
pp/./doc_src/images/1113411903.jpg>
Package pdftex.def Info: /home/fizlrock/data/files/backup/code_backup/hobby/alg
oritms/LabExecutor/app/./doc_src/images/1113411903.jpg  used on input line 1277
.
(pdftex.def)             Requested size: 234.73524pt x 247.57727pt.
</home/fizlrock/data/files/backup/code_backup/hobby/algoritms/LabExecutor/app/.
/doc_src/images/221988979.jpg, id=147, 869.49844pt x 478.03593pt>
File: /home/fizlrock/data/files/backup/code_backup/hobby/algoritms/LabExecutor/
app/./doc_src/images/221988979.jpg Graphic file (type jpg)
<use /home/fizlrock/data/files/backup/code_backup/hobby/algoritms/LabExecutor/a
pp/./doc_src/images/221988979.jpg>
Package pdftex.def Info: /home/fizlrock/data/files/backup/code_backup/hobby/alg
oritms/LabExecutor/app/./doc_src/images/221988979.jpg  used on input line 1279.

(pdftex.def)             Requested size: 422.52057pt x 232.29938pt.
 [35 </home/fizlrock/data/files/backup/code_backup/hobby/algoritms/LabExecutor/
app/./doc_src/images/1113411903.jpg>] [36 </home/fizlrock/data/files/backup/cod
e_backup/hobby/algoritms/LabExecutor/app/./doc_src/images/221988979.jpg>]
</home/fizlrock/data/files/backup/code_backup/hobby/algoritms/LabExecutor/app/.
/doc_src/images/1520268687.jpg, id=154, 249.93375pt x 261.22594pt>
File: /home/fizlrock/data/files/backup/code_backup/hobby/algoritms/LabExecutor/
app/./doc_src/images/1520268687.jpg Graphic file (type jpg)
<use /home/fizlrock/data/files/backup/code_backup/hobby/algoritms/LabExecutor/a
pp/./doc_src/images/1520268687.jpg>
Package pdftex.def Info: /home/fizlrock/data/files/backup/code_backup/hobby/alg
oritms/LabExecutor/app/./doc_src/images/1520268687.jpg  used on input line 1364
.
(pdftex.def)             Requested size: 234.73524pt x 245.3491pt.
</home/fizlrock/data/files/backup/code_backup/hobby/algoritms/LabExecutor/app/.
/doc_src/images/1033249052.jpg, id=155, 875.52094pt x 478.03593pt>
File: /home/fizlrock/data/files/backup/code_backup/hobby/algoritms/LabExecutor/
app/./doc_src/images/1033249052.jpg Graphic file (type jpg)
<use /home/fizlrock/data/files/backup/code_backup/hobby/algoritms/LabExecutor/a
pp/./doc_src/images/1033249052.jpg>
Package pdftex.def Info: /home/fizlrock/data/files/backup/code_backup/hobby/alg
oritms/LabExecutor/app/./doc_src/images/1033249052.jpg  used on input line 1366
.
(pdftex.def)             Requested size: 422.52057pt x 230.69466pt.
 [37 </home/fizlrock/data/files/backup/code_backup/hobby/algoritms/LabExecutor/
app/./doc_src/images/1520268687.jpg>] [38 </home/fizlrock/data/files/backup/cod
e_backup/hobby/algoritms/LabExecutor/app/./doc_src/images/1033249052.jpg>]
</home/fizlrock/data/files/backup/code_backup/hobby/algoritms/LabExecutor/app/.
/doc_src/images/18811114.jpg, id=163, 206.27063pt x 188.95593pt>
File: /home/fizlrock/data/files/backup/code_backup/hobby/algoritms/LabExecutor/
app/./doc_src/images/18811114.jpg Graphic file (type jpg)
<use /home/fizlrock/data/files/backup/code_backup/hobby/algoritms/LabExecutor/a
pp/./doc_src/images/18811114.jpg>
Package pdftex.def Info: /home/fizlrock/data/files/backup/code_backup/hobby/alg
oritms/LabExecutor/app/./doc_src/images/18811114.jpg  used on input line 1441.
(pdftex.def)             Requested size: 234.73524pt x 215.03429pt.
</home/fizlrock/data/files/backup/code_backup/hobby/algoritms/LabExecutor/app/.
/doc_src/images/1556964680.jpg, id=164, 416.30531pt x 478.03593pt>
File: /home/fizlrock/data/files/backup/code_backup/hobby/algoritms/LabExecutor/
app/./doc_src/images/1556964680.jpg Graphic file (type jpg)
<use /home/fizlrock/data/files/backup/code_backup/hobby/algoritms/LabExecutor/a
pp/./doc_src/images/1556964680.jpg>
Package pdftex.def Info: /home/fizlrock/data/files/backup/code_backup/hobby/alg
oritms/LabExecutor/app/./doc_src/images/1556964680.jpg  used on input line 1443
.
(pdftex.def)             Requested size: 422.52057pt x 485.1977pt.
 [39 </home/fizlrock/data/files/backup/code_backup/hobby/algoritms/LabExecutor/
app/./doc_src/images/18811114.jpg>] [40 </home/fizlrock/data/files/backup/code_
backup/hobby/algoritms/LabExecutor/app/./doc_src/images/1556964680.jpg>] [41]
</home/fizlrock/data/files/backup/code_backup/hobby/algoritms/LabExecutor/app/.
/doc_src/images/859524846.jpg, id=174, 172.39406pt x 116.68594pt>
File: /home/fizlrock/data/files/backup/code_backup/hobby/algoritms/LabExecutor/
app/./doc_src/images/859524846.jpg Graphic file (type jpg)
<use /home/fizlrock/data/files/backup/code_backup/hobby/algoritms/LabExecutor/a
pp/./doc_src/images/859524846.jpg>
Package pdftex.def Info: /home/fizlrock/data/files/backup/code_backup/hobby/alg
oritms/LabExecutor/app/./doc_src/images/859524846.jpg  used on input line 1518.

(pdftex.def)             Requested size: 234.73524pt x 158.88304pt.
</home/fizlrock/data/files/backup/code_backup/hobby/algoritms/LabExecutor/app/.
/doc_src/images/811722553.jpg, id=175, 609.77812pt x 405.76593pt>
File: /home/fizlrock/data/files/backup/code_backup/hobby/algoritms/LabExecutor/
app/./doc_src/images/811722553.jpg Graphic file (type jpg)
<use /home/fizlrock/data/files/backup/code_backup/hobby/algoritms/LabExecutor/a
pp/./doc_src/images/811722553.jpg>
Package pdftex.def Info: /home/fizlrock/data/files/backup/code_backup/hobby/alg
oritms/LabExecutor/app/./doc_src/images/811722553.jpg  used on input line 1520.

(pdftex.def)             Requested size: 422.52057pt x 281.16756pt.
 [42 </home/fizlrock/data/files/backup/code_backup/hobby/algoritms/LabExecutor/
app/./doc_src/images/859524846.jpg> </home/fizlrock/data/files/backup/code_back
up/hobby/algoritms/LabExecutor/app/./doc_src/images/811722553.jpg>] [43]
</home/fizlrock/data/files/backup/code_backup/hobby/algoritms/LabExecutor/app/.
/doc_src/images/1104509735.jpg, id=183, 169.38281pt x 116.68594pt>
File: /home/fizlrock/data/files/backup/code_backup/hobby/algoritms/LabExecutor/
app/./doc_src/images/1104509735.jpg Graphic file (type jpg)
<use /home/fizlrock/data/files/backup/code_backup/hobby/algoritms/LabExecutor/a
pp/./doc_src/images/1104509735.jpg>
Package pdftex.def Info: /home/fizlrock/data/files/backup/code_backup/hobby/alg
oritms/LabExecutor/app/./doc_src/images/1104509735.jpg  used on input line 1593
.
(pdftex.def)             Requested size: 234.73524pt x 161.71223pt.
</home/fizlrock/data/files/backup/code_backup/hobby/algoritms/LabExecutor/app/.
/doc_src/images/1517478410.jpg, id=184, 699.36281pt x 333.49594pt>
File: /home/fizlrock/data/files/backup/code_backup/hobby/algoritms/LabExecutor/
app/./doc_src/images/1517478410.jpg Graphic file (type jpg)
<use /home/fizlrock/data/files/backup/code_backup/hobby/algoritms/LabExecutor/a
pp/./doc_src/images/1517478410.jpg>
Package pdftex.def Info: /home/fizlrock/data/files/backup/code_backup/hobby/alg
oritms/LabExecutor/app/./doc_src/images/1517478410.jpg  used on input line 1595
.
(pdftex.def)             Requested size: 422.52057pt x 201.48323pt.
 [44 </home/fizlrock/data/files/backup/code_backup/hobby/algoritms/LabExecutor/
app/./doc_src/images/1104509735.jpg> </home/fizlrock/data/files/backup/code_bac
kup/hobby/algoritms/LabExecutor/app/./doc_src/images/1517478410.jpg>] [45]
</home/fizlrock/data/files/backup/code_backup/hobby/algoritms/LabExecutor/app/.
/doc_src/images/419470486.jpg, id=191, 170.88844pt x 116.68594pt>
File: /home/fizlrock/data/files/backup/code_backup/hobby/algoritms/LabExecutor/
app/./doc_src/images/419470486.jpg Graphic file (type jpg)
<use /home/fizlrock/data/files/backup/code_backup/hobby/algoritms/LabExecutor/a
pp/./doc_src/images/419470486.jpg>
Package pdftex.def Info: /home/fizlrock/data/files/backup/code_backup/hobby/alg
oritms/LabExecutor/app/./doc_src/images/419470486.jpg  used on input line 1670.

(pdftex.def)             Requested size: 234.73524pt x 160.29318pt.
</home/fizlrock/data/files/backup/code_backup/hobby/algoritms/LabExecutor/app/.
/doc_src/images/1650045641.jpg, id=192, 547.2947pt x 333.49594pt>
File: /home/fizlrock/data/files/backup/code_backup/hobby/algoritms/LabExecutor/
app/./doc_src/images/1650045641.jpg Graphic file (type jpg)
<use /home/fizlrock/data/files/backup/code_backup/hobby/algoritms/LabExecutor/a
pp/./doc_src/images/1650045641.jpg>
Package pdftex.def Info: /home/fizlrock/data/files/backup/code_backup/hobby/alg
oritms/LabExecutor/app/./doc_src/images/1650045641.jpg  used on input line 1672
.
(pdftex.def)             Requested size: 422.52057pt x 257.46945pt.
 [46 </home/fizlrock/data/files/backup/code_backup/hobby/algoritms/LabExecutor/
app/./doc_src/images/419470486.jpg> </home/fizlrock/data/files/backup/code_back
up/hobby/algoritms/LabExecutor/app/./doc_src/images/1650045641.jpg>] [47]
</home/fizlrock/data/files/backup/code_backup/hobby/algoritms/LabExecutor/app/.
/doc_src/images/552610885.jpg, id=199, 207.02344pt x 188.95593pt>
File: /home/fizlrock/data/files/backup/code_backup/hobby/algoritms/LabExecutor/
app/./doc_src/images/552610885.jpg Graphic file (type jpg)
<use /home/fizlrock/data/files/backup/code_backup/hobby/algoritms/LabExecutor/a
pp/./doc_src/images/552610885.jpg>
Package pdftex.def Info: /home/fizlrock/data/files/backup/code_backup/hobby/alg
oritms/LabExecutor/app/./doc_src/images/552610885.jpg  used on input line 1749.

(pdftex.def)             Requested size: 234.73524pt x 214.25581pt.
</home/fizlrock/data/files/backup/code_backup/hobby/algoritms/LabExecutor/app/.
/doc_src/images/976094255.jpg, id=200, 581.92406pt x 333.49594pt>
File: /home/fizlrock/data/files/backup/code_backup/hobby/algoritms/LabExecutor/
app/./doc_src/images/976094255.jpg Graphic file (type jpg)
<use /home/fizlrock/data/files/backup/code_backup/hobby/algoritms/LabExecutor/a
pp/./doc_src/images/976094255.jpg>
Package pdftex.def Info: /home/fizlrock/data/files/backup/code_backup/hobby/alg
oritms/LabExecutor/app/./doc_src/images/976094255.jpg  used on input line 1751.

(pdftex.def)             Requested size: 422.52057pt x 242.1473pt.
 [48 </home/fizlrock/data/files/backup/code_backup/hobby/algoritms/LabExecutor/
app/./doc_src/images/552610885.jpg>]
[49 </home/fizlrock/data/files/backup/code_backup/hobby/algoritms/LabExecutor/a
pp/./doc_src/images/976094255.jpg>]
</home/fizlrock/data/files/backup/code_backup/hobby/algoritms/LabExecutor/app/.
/doc_src/images/1581507353.jpg, id=208, 204.01219pt x 188.95593pt>
File: /home/fizlrock/data/files/backup/code_backup/hobby/algoritms/LabExecutor/
app/./doc_src/images/1581507353.jpg Graphic file (type jpg)
<use /home/fizlrock/data/files/backup/code_backup/hobby/algoritms/LabExecutor/a
pp/./doc_src/images/1581507353.jpg>
Package pdftex.def Info: /home/fizlrock/data/files/backup/code_backup/hobby/alg
oritms/LabExecutor/app/./doc_src/images/1581507353.jpg  used on input line 1826
.
(pdftex.def)             Requested size: 234.73524pt x 217.4216pt.
</home/fizlrock/data/files/backup/code_backup/hobby/algoritms/LabExecutor/app/.
/doc_src/images/100926785.jpg, id=209, 570.63188pt x 333.49594pt>
File: /home/fizlrock/data/files/backup/code_backup/hobby/algoritms/LabExecutor/
app/./doc_src/images/100926785.jpg Graphic file (type jpg)
<use /home/fizlrock/data/files/backup/code_backup/hobby/algoritms/LabExecutor/a
pp/./doc_src/images/100926785.jpg>
Package pdftex.def Info: /home/fizlrock/data/files/backup/code_backup/hobby/alg
oritms/LabExecutor/app/./doc_src/images/100926785.jpg  used on input line 1828.

(pdftex.def)             Requested size: 422.52057pt x 246.93579pt.
 [50 </home/fizlrock/data/files/backup/code_backup/hobby/algoritms/LabExecutor/
app/./doc_src/images/1581507353.jpg>]
[51 </home/fizlrock/data/files/backup/code_backup/hobby/algoritms/LabExecutor/a
pp/./doc_src/images/100926785.jpg>]
</home/fizlrock/data/files/backup/code_backup/hobby/algoritms/LabExecutor/app/.
/doc_src/images/1770435802.jpg, id=217, 209.28188pt x 261.22594pt>
File: /home/fizlrock/data/files/backup/code_backup/hobby/algoritms/LabExecutor/
app/./doc_src/images/1770435802.jpg Graphic file (type jpg)
<use /home/fizlrock/data/files/backup/code_backup/hobby/algoritms/LabExecutor/a
pp/./doc_src/images/1770435802.jpg>
Package pdftex.def Info: /home/fizlrock/data/files/backup/code_backup/hobby/alg
oritms/LabExecutor/app/./doc_src/images/1770435802.jpg  used on input line 1911
.
(pdftex.def)             Requested size: 234.73524pt x 292.99355pt.
</home/fizlrock/data/files/backup/code_backup/hobby/algoritms/LabExecutor/app/.
/doc_src/images/355751310.jpg, id=218, 941.01563pt x 478.03593pt>
File: /home/fizlrock/data/files/backup/code_backup/hobby/algoritms/LabExecutor/
app/./doc_src/images/355751310.jpg Graphic file (type jpg)
<use /home/fizlrock/data/files/backup/code_backup/hobby/algoritms/LabExecutor/a
pp/./doc_src/images/355751310.jpg>
Package pdftex.def Info: /home/fizlrock/data/files/backup/code_backup/hobby/alg
oritms/LabExecutor/app/./doc_src/images/355751310.jpg  used on input line 1913.

(pdftex.def)             Requested size: 422.52057pt x 214.64005pt.
 [52 </home/fizlrock/data/files/backup/code_backup/hobby/algoritms/LabExecutor/
app/./doc_src/images/1770435802.jpg>]
[53 </home/fizlrock/data/files/backup/code_backup/hobby/algoritms/LabExecutor/a
pp/./doc_src/images/355751310.jpg>]
</home/fizlrock/data/files/backup/code_backup/hobby/algoritms/LabExecutor/app/.
/doc_src/images/2055823954.jpg, id=225, 210.03468pt x 188.95593pt>
File: /home/fizlrock/data/files/backup/code_backup/hobby/algoritms/LabExecutor/
app/./doc_src/images/2055823954.jpg Graphic file (type jpg)
<use /home/fizlrock/data/files/backup/code_backup/hobby/algoritms/LabExecutor/a
pp/./doc_src/images/2055823954.jpg>
Package pdftex.def Info: /home/fizlrock/data/files/backup/code_backup/hobby/alg
oritms/LabExecutor/app/./doc_src/images/2055823954.jpg  used on input line 1988
.
(pdftex.def)             Requested size: 234.73524pt x 211.1794pt.
</home/fizlrock/data/files/backup/code_backup/hobby/algoritms/LabExecutor/app/.
/doc_src/images/1829473694.jpg, id=226, 599.23875pt x 333.49594pt>
File: /home/fizlrock/data/files/backup/code_backup/hobby/algoritms/LabExecutor/
app/./doc_src/images/1829473694.jpg Graphic file (type jpg)
<use /home/fizlrock/data/files/backup/code_backup/hobby/algoritms/LabExecutor/a
pp/./doc_src/images/1829473694.jpg>
Package pdftex.def Info: /home/fizlrock/data/files/backup/code_backup/hobby/alg
oritms/LabExecutor/app/./doc_src/images/1829473694.jpg  used on input line 1990
.
(pdftex.def)             Requested size: 422.52057pt x 235.15028pt.
 [54 </home/fizlrock/data/files/backup/code_backup/hobby/algoritms/LabExecutor/
app/./doc_src/images/2055823954.jpg>]
[55 </home/fizlrock/data/files/backup/code_backup/hobby/algoritms/LabExecutor/a
pp/./doc_src/images/1829473694.jpg>]
</home/fizlrock/data/files/backup/code_backup/hobby/algoritms/LabExecutor/app/.
/doc_src/images/2146761078.jpg, id=234, 167.12437pt x 116.68594pt>
File: /home/fizlrock/data/files/backup/code_backup/hobby/algoritms/LabExecutor/
app/./doc_src/images/2146761078.jpg Graphic file (type jpg)
<use /home/fizlrock/data/files/backup/code_backup/hobby/algoritms/LabExecutor/a
pp/./doc_src/images/2146761078.jpg>
Package pdftex.def Info: /home/fizlrock/data/files/backup/code_backup/hobby/alg
oritms/LabExecutor/app/./doc_src/images/2146761078.jpg  used on input line 2065
.
(pdftex.def)             Requested size: 234.73524pt x 163.90578pt.
</home/fizlrock/data/files/backup/code_backup/hobby/algoritms/LabExecutor/app/.
/doc_src/images/1744340242.jpg, id=235, 687.31781pt x 333.49594pt>
File: /home/fizlrock/data/files/backup/code_backup/hobby/algoritms/LabExecutor/
app/./doc_src/images/1744340242.jpg Graphic file (type jpg)
<use /home/fizlrock/data/files/backup/code_backup/hobby/algoritms/LabExecutor/a
pp/./doc_src/images/1744340242.jpg>
Package pdftex.def Info: /home/fizlrock/data/files/backup/code_backup/hobby/alg
oritms/LabExecutor/app/./doc_src/images/1744340242.jpg  used on input line 2067
.
(pdftex.def)             Requested size: 422.52057pt x 205.00972pt.
 [56 </home/fizlrock/data/files/backup/code_backup/hobby/algoritms/LabExecutor/
app/./doc_src/images/2146761078.jpg> </home/fizlrock/data/files/backup/code_bac
kup/hobby/algoritms/LabExecutor/app/./doc_src/images/1744340242.jpg>] [57]
</home/fizlrock/data/files/backup/code_backup/hobby/algoritms/LabExecutor/app/.
/doc_src/images/367803645.jpg, id=242, 170.88844pt x 116.68594pt>
File: /home/fizlrock/data/files/backup/code_backup/hobby/algoritms/LabExecutor/
app/./doc_src/images/367803645.jpg Graphic file (type jpg)
<use /home/fizlrock/data/files/backup/code_backup/hobby/algoritms/LabExecutor/a
pp/./doc_src/images/367803645.jpg>
Package pdftex.def Info: /home/fizlrock/data/files/backup/code_backup/hobby/alg
oritms/LabExecutor/app/./doc_src/images/367803645.jpg  used on input line 2142.

(pdftex.def)             Requested size: 234.73524pt x 160.29318pt.
</home/fizlrock/data/files/backup/code_backup/hobby/algoritms/LabExecutor/app/.
/doc_src/images/1201075.jpg, id=243, 718.18312pt x 333.49594pt>
File: /home/fizlrock/data/files/backup/code_backup/hobby/algoritms/LabExecutor/
app/./doc_src/images/1201075.jpg Graphic file (type jpg)
<use /home/fizlrock/data/files/backup/code_backup/hobby/algoritms/LabExecutor/a
pp/./doc_src/images/1201075.jpg>
Package pdftex.def Info: /home/fizlrock/data/files/backup/code_backup/hobby/alg
oritms/LabExecutor/app/./doc_src/images/1201075.jpg  used on input line 2144.
(pdftex.def)             Requested size: 422.52057pt x 196.20622pt.
 [58 </home/fizlrock/data/files/backup/code_backup/hobby/algoritms/LabExecutor/
app/./doc_src/images/367803645.jpg> </home/fizlrock/data/files/backup/code_back
up/hobby/algoritms/LabExecutor/app/./doc_src/images/1201075.jpg>] [59]
</home/fizlrock/data/files/backup/code_backup/hobby/algoritms/LabExecutor/app/.
/doc_src/images/253973643.jpg, id=250, 172.39406pt x 116.68594pt>
File: /home/fizlrock/data/files/backup/code_backup/hobby/algoritms/LabExecutor/
app/./doc_src/images/253973643.jpg Graphic file (type jpg)
<use /home/fizlrock/data/files/backup/code_backup/hobby/algoritms/LabExecutor/a
pp/./doc_src/images/253973643.jpg>
Package pdftex.def Info: /home/fizlrock/data/files/backup/code_backup/hobby/alg
oritms/LabExecutor/app/./doc_src/images/253973643.jpg  used on input line 2217.

(pdftex.def)             Requested size: 234.73524pt x 158.88304pt.
</home/fizlrock/data/files/backup/code_backup/hobby/algoritms/LabExecutor/app/.
/doc_src/images/1470724058.jpg, id=251, 552.56438pt x 333.49594pt>
File: /home/fizlrock/data/files/backup/code_backup/hobby/algoritms/LabExecutor/
app/./doc_src/images/1470724058.jpg Graphic file (type jpg)
<use /home/fizlrock/data/files/backup/code_backup/hobby/algoritms/LabExecutor/a
pp/./doc_src/images/1470724058.jpg>
Package pdftex.def Info: /home/fizlrock/data/files/backup/code_backup/hobby/alg
oritms/LabExecutor/app/./doc_src/images/1470724058.jpg  used on input line 2219
.
(pdftex.def)             Requested size: 422.52057pt x 255.00652pt.
 [60 </home/fizlrock/data/files/backup/code_backup/hobby/algoritms/LabExecutor/
app/./doc_src/images/253973643.jpg> </home/fizlrock/data/files/backup/code_back
up/hobby/algoritms/LabExecutor/app/./doc_src/images/1470724058.jpg>] [61]
</home/fizlrock/data/files/backup/code_backup/hobby/algoritms/LabExecutor/app/.
/doc_src/images/334810210.jpg, id=259, 208.52907pt x 188.95593pt>
File: /home/fizlrock/data/files/backup/code_backup/hobby/algoritms/LabExecutor/
app/./doc_src/images/334810210.jpg Graphic file (type jpg)
<use /home/fizlrock/data/files/backup/code_backup/hobby/algoritms/LabExecutor/a
pp/./doc_src/images/334810210.jpg>
Package pdftex.def Info: /home/fizlrock/data/files/backup/code_backup/hobby/alg
oritms/LabExecutor/app/./doc_src/images/334810210.jpg  used on input line 2296.

(pdftex.def)             Requested size: 234.73524pt x 212.71327pt.
</home/fizlrock/data/files/backup/code_backup/hobby/algoritms/LabExecutor/app/.
/doc_src/images/1029700928.jpg, id=260, 589.4522pt x 333.49594pt>
File: /home/fizlrock/data/files/backup/code_backup/hobby/algoritms/LabExecutor/
app/./doc_src/images/1029700928.jpg Graphic file (type jpg)
<use /home/fizlrock/data/files/backup/code_backup/hobby/algoritms/LabExecutor/a
pp/./doc_src/images/1029700928.jpg>
Package pdftex.def Info: /home/fizlrock/data/files/backup/code_backup/hobby/alg
oritms/LabExecutor/app/./doc_src/images/1029700928.jpg  used on input line 2298
.
(pdftex.def)             Requested size: 422.52057pt x 239.05334pt.
 [62 </home/fizlrock/data/files/backup/code_backup/hobby/algoritms/LabExecutor/
app/./doc_src/images/334810210.jpg>] [63 </home/fizlrock/data/files/backup/code
_backup/hobby/algoritms/LabExecutor/app/./doc_src/images/1029700928.jpg>]
</home/fizlrock/data/files/backup/code_backup/hobby/algoritms/LabExecutor/app/.
/doc_src/images/799555352.jpg, id=267, 208.52907pt x 261.22594pt>
File: /home/fizlrock/data/files/backup/code_backup/hobby/algoritms/LabExecutor/
app/./doc_src/images/799555352.jpg Graphic file (type jpg)
<use /home/fizlrock/data/files/backup/code_backup/hobby/algoritms/LabExecutor/a
pp/./doc_src/images/799555352.jpg>
Package pdftex.def Info: /home/fizlrock/data/files/backup/code_backup/hobby/alg
oritms/LabExecutor/app/./doc_src/images/799555352.jpg  used on input line 2381.

(pdftex.def)             Requested size: 234.73524pt x 294.06976pt.
</home/fizlrock/data/files/backup/code_backup/hobby/algoritms/LabExecutor/app/.
/doc_src/images/428173227.jpg, id=268, 886.06032pt x 478.03593pt>
File: /home/fizlrock/data/files/backup/code_backup/hobby/algoritms/LabExecutor/
app/./doc_src/images/428173227.jpg Graphic file (type jpg)
<use /home/fizlrock/data/files/backup/code_backup/hobby/algoritms/LabExecutor/a
pp/./doc_src/images/428173227.jpg>
Package pdftex.def Info: /home/fizlrock/data/files/backup/code_backup/hobby/alg
oritms/LabExecutor/app/./doc_src/images/428173227.jpg  used on input line 2383.

(pdftex.def)             Requested size: 422.52057pt x 227.95932pt.
 [64 </home/fizlrock/data/files/backup/code_backup/hobby/algoritms/LabExecutor/
app/./doc_src/images/799555352.jpg>] [65 </home/fizlrock/data/files/backup/code
_backup/hobby/algoritms/LabExecutor/app/./doc_src/images/428173227.jpg>] (./rep
ort.aux) ) 
Here is how much of TeX's memory you used:
 4840 strings out of 477985
 114349 string characters out of 5840058
 1865388 words of memory out of 5000000
 24920 multiletter control sequences out of 15000+600000
 521527 words of font info for 49 fonts, out of 8000000 for 9000
 16 hyphenation exceptions out of 8191
 62i,6n,67p,785b,222s stack positions out of 10000i,1000n,20000p,200000b,200000s
</usr/share/texmf-dist/fonts/type1/public/cm-super/sfbx1095.pfb></usr
/share/texmf-dist/fonts/type1/public/cm-super/sfbx1200.pfb></usr/share/texmf-di
st/fonts/type1/public/cm-super/sfbx1440.pfb></usr/share/texmf-dist/fonts/type1/
public/cm-super/sfbx1728.pfb></usr/share/texmf-dist/fonts/type1/public/cm-super
/sfrm1095.pfb></usr/share/texmf-dist/fonts/type1/public/cm-super/sfrm1200.pfb>
Output written on report.pdf (65 pages, 1947194 bytes).
PDF statistics:
 305 PDF objects out of 1000 (max. 8388607)
 164 compressed objects within 2 object streams
 0 named destinations out of 1000 (max. 500000)
 301 words of extra memory for PDF output out of 10000 (max. 10000000)

